h:\nizzy\documents\github\projects\death trail\death trail\death trail\debug\vc120.pdb
h:\nizzy\documents\github\projects\death trail\death trail\death trail\debug\vc120.idb
h:\nizzy\documents\github\projects\death trail\death trail\death trail\debug\commands.obj
h:\nizzy\documents\github\projects\death trail\death trail\death trail\debug\encounter.obj
h:\nizzy\documents\github\projects\death trail\death trail\death trail\debug\inputparser.obj
h:\nizzy\documents\github\projects\death trail\death trail\death trail\debug\items.obj
h:\nizzy\documents\github\projects\death trail\death trail\death trail\debug\main.obj
h:\nizzy\documents\github\projects\death trail\death trail\death trail\debug\states.obj
h:\nizzy\documents\github\projects\death trail\death trail\death trail\debug\entities.obj
h:\nizzy\documents\github\projects\death trail\death trail\debug\death trail.pdb
h:\nizzy\documents\github\projects\death trail\death trail\death trail\debug\death trail.tlog\cl.command.1.tlog
h:\nizzy\documents\github\projects\death trail\death trail\death trail\debug\death trail.tlog\cl.read.1.tlog
h:\nizzy\documents\github\projects\death trail\death trail\death trail\debug\death trail.tlog\cl.write.1.tlog
h:\nizzy\documents\github\projects\death trail\death trail\death trail\debug\death trail.tlog\link-cvtres.read.1.tlog
h:\nizzy\documents\github\projects\death trail\death trail\death trail\debug\death trail.tlog\link-cvtres.write.1.tlog
h:\nizzy\documents\github\projects\death trail\death trail\death trail\debug\death trail.tlog\link-rc.read.1.tlog
h:\nizzy\documents\github\projects\death trail\death trail\death trail\debug\death trail.tlog\link-rc.write.1.tlog
h:\nizzy\documents\github\projects\death trail\death trail\death trail\debug\death trail.tlog\link.149796-cvtres.read.1.tlog
h:\nizzy\documents\github\projects\death trail\death trail\death trail\debug\death trail.tlog\link.149796-cvtres.write.1.tlog
h:\nizzy\documents\github\projects\death trail\death trail\death trail\debug\death trail.tlog\link.149796-rc.read.1.tlog
h:\nizzy\documents\github\projects\death trail\death trail\death trail\debug\death trail.tlog\link.149796-rc.write.1.tlog
h:\nizzy\documents\github\projects\death trail\death trail\death trail\debug\death trail.tlog\link.149796.read.1.tlog
h:\nizzy\documents\github\projects\death trail\death trail\death trail\debug\death trail.tlog\link.149796.write.1.tlog
h:\nizzy\documents\github\projects\death trail\death trail\death trail\debug\death trail.tlog\link.command.1.tlog
h:\nizzy\documents\github\projects\death trail\death trail\death trail\debug\death trail.tlog\link.read.1.tlog
h:\nizzy\documents\github\projects\death trail\death trail\death trail\debug\death trail.tlog\link.write.1.tlog
