Build started 4/18/2018 9:25:08 AM.
     1>Project "H:\nizzy\Documents\Github\Projects\Death Trail\Death Trail\Death Trail\Death Trail.vcxproj" on node 2 (Build target(s)).
     1>ClCompile:
         C:\Program Files (x86)\Microsoft Visual Studio 12.0\VC\bin\CL.exe /c /ZI /nologo /W3 /WX- /sdl /Od /Oy- /D WIN32 /D _DEBUG /D _CONSOLE /D _LIB /D _UNICODE /D UNICODE /Gm /EHsc /RTC1 /MDd /GS /fp:precise /Zc:wchar_t /Zc:forScope /Fo"Debug\\" /Fd"Debug\vc120.pdb" /Gd /TP /analyze- /errorReport:prompt Commands.cpp InputParser.cpp Items.cpp Main.cpp
         Main.cpp
         Items.cpp
         Commands.cpp
         Generating Code...
         Compiling...
         InputParser.cpp
         Generating Code...
       Link:
         C:\Program Files (x86)\Microsoft Visual Studio 12.0\VC\bin\link.exe /ERRORREPORT:PROMPT /OUT:"H:\nizzy\Documents\Github\Projects\Death Trail\Death Trail\Debug\Death Trail.exe" /INCREMENTAL /NOLOGO kernel32.lib user32.lib gdi32.lib winspool.lib comdlg32.lib advapi32.lib shell32.lib ole32.lib oleaut32.lib uuid.lib odbc32.lib odbccp32.lib /MANIFEST /MANIFESTUAC:"level='asInvoker' uiAccess='false'" /manifest:embed /DEBUG /PDB:"H:\nizzy\Documents\Github\Projects\Death Trail\Death Trail\Debug\Death Trail.pdb" /SUBSYSTEM:CONSOLE /TLBID:1 /DYNAMICBASE /NXCOMPAT /IMPLIB:"H:\nizzy\Documents\Github\Projects\Death Trail\Death Trail\Debug\Death Trail.lib" /MACHINE:X86 Debug\Commands.obj
         Debug\InputParser.obj
         Debug\Items.obj
         Debug\Main.obj
         Death Trail.vcxproj -> H:\nizzy\Documents\Github\Projects\Death Trail\Death Trail\Debug\Death Trail.exe
     1>Done Building Project "H:\nizzy\Documents\Github\Projects\Death Trail\Death Trail\Death Trail\Death Trail.vcxproj" (Build target(s)).

Build succeeded.

Time Elapsed 00:00:01.87
